生成启动时间为 2016/10/26 15:02:41。
     1>项目“D:\windows\Car_ado\Car\Car.vcxproj”在节点 2 上(build 个目标)。
     1>InitializeBuildStatus:
         正在创建“Debug\Car.unsuccessfulbuild”，因为已指定“AlwaysCreate”。
       ClCompile:
         所有输出均为最新。
         e:\VS2010\VC\bin\CL.exe /c /ZI /nologo /W3 /WX- /Od /Oy- /D WIN32 /D _WINDOWS /D _DEBUG /D _UNICODE /D UNICODE /Gm /EHsc /RTC1 /MTd /GS /fp:precise /Zc:wchar_t /Zc:forScope /Yu"StdAfx.h" /Fp"Debug\Car.pch" /Fo"Debug\\" /Fd"Debug\vc100.pdb" /Gd /TP /analyze- /errorReport:prompt u_homepage.cpp
         u_homepage.cpp
       ResourceCompile:
         所有输出均为最新。
       ManifestResourceCompile:
         所有输出均为最新。
       Link:
         e:\VS2010\VC\bin\link.exe /ERRORREPORT:PROMPT /OUT:"D:\windows\Car_ado\Debug\Car.exe" /INCREMENTAL /NOLOGO /MANIFEST /ManifestFile:"Debug\Car.exe.intermediate.manifest" /MANIFESTUAC:"level='asInvoker' uiAccess='false'" /DEBUG /PDB:"D:\windows\Car_ado\Debug\Car.pdb" /SUBSYSTEM:WINDOWS /TLBID:1 /ENTRY:"wWinMainCRTStartup" /DYNAMICBASE /NXCOMPAT /IMPLIB:"D:\windows\Car_ado\Debug\Car.lib" /MACHINE:X86 Debug\Car.res
         Debug\Car.exe.embed.manifest.res
         Debug\a_homepage.obj
         Debug\b_car.obj
         Debug\Car.obj
         Debug\CarDlg.obj
         Debug\Register.obj
         Debug\sell_car.obj
         Debug\Signin.obj
         Debug\stdafx.obj
         Debug\update.obj
         Debug\u_homepage.obj
         Debug\xiugai_mima.obj
         Debug\xiugai_xinxi.obj
         Debug\_tourist.obj
       Manifest:
         C:\Program Files (x86)\Microsoft SDKs\Windows\v7.0A\bin\mt.exe /nologo /verbose /out:"Debug\Car.exe.embed.manifest" /manifest Debug\Car.exe.intermediate.manifest e:\VS2010\VC\Include\Manifest\dpiaware.manifest
         所有输出均为最新。
       LinkEmbedManifest:
         所有输出均为最新。
         Car.vcxproj -> D:\windows\Car_ado\Debug\Car.exe
       FinalizeBuildStatus:
         正在删除文件“Debug\Car.unsuccessfulbuild”。
         正在对“Debug\Car.lastbuildstate”执行 Touch 任务。
     1>已完成生成项目“D:\windows\Car_ado\Car\Car.vcxproj”(build 个目标)的操作。

生成成功。

已用时间 00:00:14.83
